{"C:\\Users\\vshah23\\Desktop\\fall 2025\\CSC 591\\coursecollab\\backend\\services\\courseService.js": {"path":"C:\\Users\\vshah23\\Desktop\\fall 2025\\CSC 591\\coursecollab\\backend\\services\\courseService.js","statementMap":{"0":{"start":{"line":2,"column":15},"end":{"line":2,"column":42}},"1":{"start":{"line":6,"column":20},"end":{"line":6,"column":22}},"2":{"start":{"line":8,"column":4},"end":{"line":14,"column":5}},"3":{"start":{"line":9,"column":6},"end":{"line":13,"column":8}},"4":{"start":{"line":16,"column":4},"end":{"line":16,"column":46}},"5":{"start":{"line":16,"column":18},"end":{"line":16,"column":46}},"6":{"start":{"line":17,"column":4},"end":{"line":17,"column":44}},"7":{"start":{"line":17,"column":14},"end":{"line":17,"column":44}},"8":{"start":{"line":20,"column":4},"end":{"line":29,"column":5}},"9":{"start":{"line":21,"column":6},"end":{"line":26,"column":8}},"10":{"start":{"line":28,"column":6},"end":{"line":28,"column":34}},"11":{"start":{"line":31,"column":20},"end":{"line":36,"column":31}},"12":{"start":{"line":38,"column":18},"end":{"line":38,"column":54}},"13":{"start":{"line":40,"column":4},"end":{"line":45,"column":6}},"14":{"start":{"line":49,"column":19},"end":{"line":52,"column":65}},"15":{"start":{"line":54,"column":4},"end":{"line":54,"column":46}},"16":{"start":{"line":54,"column":17},"end":{"line":54,"column":46}},"17":{"start":{"line":55,"column":4},"end":{"line":55,"column":18}},"18":{"start":{"line":59,"column":19},"end":{"line":62,"column":6}},"19":{"start":{"line":63,"column":4},"end":{"line":63,"column":24}},"20":{"start":{"line":64,"column":4},"end":{"line":64,"column":18}},"21":{"start":{"line":68,"column":19},"end":{"line":71,"column":6}},"22":{"start":{"line":72,"column":4},"end":{"line":72,"column":46}},"23":{"start":{"line":72,"column":17},"end":{"line":72,"column":46}},"24":{"start":{"line":73,"column":4},"end":{"line":73,"column":18}},"25":{"start":{"line":77,"column":19},"end":{"line":77,"column":53}},"26":{"start":{"line":78,"column":4},"end":{"line":78,"column":46}},"27":{"start":{"line":78,"column":17},"end":{"line":78,"column":46}},"28":{"start":{"line":79,"column":4},"end":{"line":79,"column":18}},"29":{"start":{"line":83,"column":19},"end":{"line":83,"column":50}},"30":{"start":{"line":84,"column":4},"end":{"line":84,"column":46}},"31":{"start":{"line":84,"column":17},"end":{"line":84,"column":46}},"32":{"start":{"line":86,"column":4},"end":{"line":86,"column":80}},"33":{"start":{"line":86,"column":44},"end":{"line":86,"column":80}},"34":{"start":{"line":87,"column":4},"end":{"line":87,"column":84}},"35":{"start":{"line":87,"column":53},"end":{"line":87,"column":84}},"36":{"start":{"line":89,"column":4},"end":{"line":91,"column":5}},"37":{"start":{"line":90,"column":6},"end":{"line":90,"column":84}},"38":{"start":{"line":90,"column":52},"end":{"line":90,"column":84}},"39":{"start":{"line":93,"column":4},"end":{"line":93,"column":35}},"40":{"start":{"line":94,"column":4},"end":{"line":94,"column":34}},"41":{"start":{"line":95,"column":4},"end":{"line":95,"column":24}},"42":{"start":{"line":97,"column":4},"end":{"line":97,"column":48}},"43":{"start":{"line":101,"column":19},"end":{"line":101,"column":50}},"44":{"start":{"line":102,"column":4},"end":{"line":102,"column":46}},"45":{"start":{"line":102,"column":17},"end":{"line":102,"column":46}},"46":{"start":{"line":104,"column":4},"end":{"line":106,"column":6}},"47":{"start":{"line":105,"column":14},"end":{"line":105,"column":51}},"48":{"start":{"line":107,"column":4},"end":{"line":107,"column":73}},"49":{"start":{"line":108,"column":4},"end":{"line":108,"column":24}},"50":{"start":{"line":110,"column":4},"end":{"line":110,"column":50}},"51":{"start":{"line":114,"column":0},"end":{"line":114,"column":37}}},"fnMap":{"0":{"name":"(anonymous_0)","decl":{"start":{"line":5,"column":2},"end":{"line":5,"column":3}},"loc":{"start":{"line":5,"column":82},"end":{"line":46,"column":3}},"line":5},"1":{"name":"(anonymous_1)","decl":{"start":{"line":48,"column":2},"end":{"line":48,"column":3}},"loc":{"start":{"line":48,"column":26},"end":{"line":56,"column":3}},"line":48},"2":{"name":"(anonymous_2)","decl":{"start":{"line":58,"column":2},"end":{"line":58,"column":3}},"loc":{"start":{"line":58,"column":39},"end":{"line":65,"column":3}},"line":58},"3":{"name":"(anonymous_3)","decl":{"start":{"line":67,"column":2},"end":{"line":67,"column":3}},"loc":{"start":{"line":67,"column":31},"end":{"line":74,"column":3}},"line":67},"4":{"name":"(anonymous_4)","decl":{"start":{"line":76,"column":2},"end":{"line":76,"column":3}},"loc":{"start":{"line":76,"column":25},"end":{"line":80,"column":3}},"line":76},"5":{"name":"(anonymous_5)","decl":{"start":{"line":82,"column":2},"end":{"line":82,"column":3}},"loc":{"start":{"line":82,"column":51},"end":{"line":98,"column":3}},"line":82},"6":{"name":"(anonymous_6)","decl":{"start":{"line":100,"column":2},"end":{"line":100,"column":3}},"loc":{"start":{"line":100,"column":37},"end":{"line":111,"column":3}},"line":100},"7":{"name":"(anonymous_7)","decl":{"start":{"line":105,"column":6},"end":{"line":105,"column":7}},"loc":{"start":{"line":105,"column":14},"end":{"line":105,"column":51}},"line":105}},"branchMap":{"0":{"loc":{"start":{"line":5,"column":34},"end":{"line":5,"column":42}},"type":"default-arg","locations":[{"start":{"line":5,"column":41},"end":{"line":5,"column":42}}],"line":5},"1":{"loc":{"start":{"line":5,"column":44},"end":{"line":5,"column":54}},"type":"default-arg","locations":[{"start":{"line":5,"column":52},"end":{"line":5,"column":54}}],"line":5},"2":{"loc":{"start":{"line":8,"column":4},"end":{"line":14,"column":5}},"type":"if","locations":[{"start":{"line":8,"column":4},"end":{"line":14,"column":5}},{"start":{},"end":{}}],"line":8},"3":{"loc":{"start":{"line":16,"column":4},"end":{"line":16,"column":46}},"type":"if","locations":[{"start":{"line":16,"column":4},"end":{"line":16,"column":46}},{"start":{},"end":{}}],"line":16},"4":{"loc":{"start":{"line":17,"column":4},"end":{"line":17,"column":44}},"type":"if","locations":[{"start":{"line":17,"column":4},"end":{"line":17,"column":44}},{"start":{},"end":{}}],"line":17},"5":{"loc":{"start":{"line":20,"column":4},"end":{"line":29,"column":5}},"type":"if","locations":[{"start":{"line":20,"column":4},"end":{"line":29,"column":5}},{"start":{"line":27,"column":11},"end":{"line":29,"column":5}}],"line":20},"6":{"loc":{"start":{"line":22,"column":12},"end":{"line":22,"column":29}},"type":"binary-expr","locations":[{"start":{"line":22,"column":12},"end":{"line":22,"column":23}},{"start":{"line":22,"column":27},"end":{"line":22,"column":29}}],"line":22},"7":{"loc":{"start":{"line":54,"column":4},"end":{"line":54,"column":46}},"type":"if","locations":[{"start":{"line":54,"column":4},"end":{"line":54,"column":46}},{"start":{},"end":{}}],"line":54},"8":{"loc":{"start":{"line":72,"column":4},"end":{"line":72,"column":46}},"type":"if","locations":[{"start":{"line":72,"column":4},"end":{"line":72,"column":46}},{"start":{},"end":{}}],"line":72},"9":{"loc":{"start":{"line":78,"column":4},"end":{"line":78,"column":46}},"type":"if","locations":[{"start":{"line":78,"column":4},"end":{"line":78,"column":46}},{"start":{},"end":{}}],"line":78},"10":{"loc":{"start":{"line":84,"column":4},"end":{"line":84,"column":46}},"type":"if","locations":[{"start":{"line":84,"column":4},"end":{"line":84,"column":46}},{"start":{},"end":{}}],"line":84},"11":{"loc":{"start":{"line":86,"column":4},"end":{"line":86,"column":80}},"type":"if","locations":[{"start":{"line":86,"column":4},"end":{"line":86,"column":80}},{"start":{},"end":{}}],"line":86},"12":{"loc":{"start":{"line":87,"column":4},"end":{"line":87,"column":84}},"type":"if","locations":[{"start":{"line":87,"column":4},"end":{"line":87,"column":84}},{"start":{},"end":{}}],"line":87},"13":{"loc":{"start":{"line":89,"column":4},"end":{"line":91,"column":5}},"type":"if","locations":[{"start":{"line":89,"column":4},"end":{"line":91,"column":5}},{"start":{},"end":{}}],"line":89},"14":{"loc":{"start":{"line":89,"column":8},"end":{"line":89,"column":68}},"type":"binary-expr","locations":[{"start":{"line":89,"column":8},"end":{"line":89,"column":43}},{"start":{"line":89,"column":47},"end":{"line":89,"column":68}}],"line":89},"15":{"loc":{"start":{"line":90,"column":6},"end":{"line":90,"column":84}},"type":"if","locations":[{"start":{"line":90,"column":6},"end":{"line":90,"column":84}},{"start":{},"end":{}}],"line":90},"16":{"loc":{"start":{"line":102,"column":4},"end":{"line":102,"column":46}},"type":"if","locations":[{"start":{"line":102,"column":4},"end":{"line":102,"column":46}},{"start":{},"end":{}}],"line":102}},"s":{"0":1,"1":0,"2":0,"3":0,"4":0,"5":0,"6":0,"7":0,"8":0,"9":0,"10":0,"11":0,"12":0,"13":0,"14":0,"15":0,"16":0,"17":0,"18":0,"19":0,"20":0,"21":0,"22":0,"23":0,"24":0,"25":0,"26":0,"27":0,"28":0,"29":10,"30":10,"31":1,"32":9,"33":1,"34":8,"35":2,"36":6,"37":3,"38":2,"39":4,"40":4,"41":4,"42":4,"43":0,"44":0,"45":0,"46":0,"47":0,"48":0,"49":0,"50":0,"51":1},"f":{"0":0,"1":0,"2":0,"3":0,"4":0,"5":10,"6":0,"7":0},"b":{"0":[0],"1":[0],"2":[0,0],"3":[0,0],"4":[0,0],"5":[0,0],"6":[0,0],"7":[0,0],"8":[0,0],"9":[0,0],"10":[1,9],"11":[1,8],"12":[2,6],"13":[3,3],"14":[6,4],"15":[2,1],"16":[0,0]},"_coverageSchema":"1a1c01bbd47fc00a2c39e90264f33305004495a9","hash":"26610d1644b408765414aebac7147d23785c5472"}
}
