TN:
SF:services\courseService.js
FN:5,(anonymous_0)
FN:48,(anonymous_1)
FN:58,(anonymous_2)
FN:67,(anonymous_3)
FN:76,(anonymous_4)
FN:82,(anonymous_5)
FN:100,(anonymous_6)
FN:105,(anonymous_7)
FNF:8
FNH:1
FNDA:0,(anonymous_0)
FNDA:0,(anonymous_1)
FNDA:0,(anonymous_2)
FNDA:0,(anonymous_3)
FNDA:0,(anonymous_4)
FNDA:10,(anonymous_5)
FNDA:0,(anonymous_6)
FNDA:0,(anonymous_7)
DA:2,1
DA:6,0
DA:8,0
DA:9,0
DA:16,0
DA:17,0
DA:20,0
DA:21,0
DA:28,0
DA:31,0
DA:38,0
DA:40,0
DA:49,0
DA:54,0
DA:55,0
DA:59,0
DA:63,0
DA:64,0
DA:68,0
DA:72,0
DA:73,0
DA:77,0
DA:78,0
DA:79,0
DA:83,10
DA:84,10
DA:86,9
DA:87,8
DA:89,6
DA:90,3
DA:93,4
DA:94,4
DA:95,4
DA:97,4
DA:101,0
DA:102,0
DA:104,0
DA:105,0
DA:107,0
DA:108,0
DA:110,0
DA:114,1
LF:42
LH:12
BRDA:5,0,0,0
BRDA:5,1,0,0
BRDA:8,2,0,0
BRDA:8,2,1,0
BRDA:16,3,0,0
BRDA:16,3,1,0
BRDA:17,4,0,0
BRDA:17,4,1,0
BRDA:20,5,0,0
BRDA:20,5,1,0
BRDA:22,6,0,0
BRDA:22,6,1,0
BRDA:54,7,0,0
BRDA:54,7,1,0
BRDA:72,8,0,0
BRDA:72,8,1,0
BRDA:78,9,0,0
BRDA:78,9,1,0
BRDA:84,10,0,1
BRDA:84,10,1,9
BRDA:86,11,0,1
BRDA:86,11,1,8
BRDA:87,12,0,2
BRDA:87,12,1,6
BRDA:89,13,0,3
BRDA:89,13,1,3
BRDA:89,14,0,6
BRDA:89,14,1,4
BRDA:90,15,0,2
BRDA:90,15,1,1
BRDA:102,16,0,0
BRDA:102,16,1,0
BRF:32
BRH:12
end_of_record
